{"C:\\Users\\mtral\\Documents\\GitHub\\GeoBuckets\\dist\\src\\errors.js": {"path":"C:\\Users\\mtral\\Documents\\GitHub\\GeoBuckets\\dist\\src\\errors.js","statementMap":{"0":{"start":{"line":2,"column":0},"end":{"line":2,"column":62}},"1":{"start":{"line":3,"column":0},"end":{"line":3,"column":59}},"2":{"start":{"line":6,"column":8},"end":{"line":6,"column":19}},"3":{"start":{"line":7,"column":8},"end":{"line":7,"column":64}},"4":{"start":{"line":10,"column":0},"end":{"line":10,"column":44}},"5":{"start":{"line":13,"column":8},"end":{"line":13,"column":19}},"6":{"start":{"line":14,"column":8},"end":{"line":14,"column":62}},"7":{"start":{"line":17,"column":0},"end":{"line":17,"column":40}}},"fnMap":{"0":{"name":"(anonymous_0)","decl":{"start":{"line":5,"column":4},"end":{"line":5,"column":5}},"loc":{"start":{"line":5,"column":21},"end":{"line":8,"column":5}},"line":5},"1":{"name":"(anonymous_1)","decl":{"start":{"line":12,"column":4},"end":{"line":12,"column":5}},"loc":{"start":{"line":12,"column":21},"end":{"line":15,"column":5}},"line":12}},"branchMap":{},"s":{"0":8,"1":8,"2":14,"3":14,"4":8,"5":8,"6":8,"7":8},"f":{"0":14,"1":8},"b":{},"_coverageSchema":"1a1c01bbd47fc00a2c39e90264f33305004495a9","hash":"ede94ed54f091eab74a53b1566d44fc5cdc27b36"}
,"C:\\Users\\mtral\\Documents\\GitHub\\GeoBuckets\\dist\\src\\index.js": {"path":"C:\\Users\\mtral\\Documents\\GitHub\\GeoBuckets\\dist\\src\\index.js","statementMap":{"0":{"start":{"line":2,"column":0},"end":{"line":2,"column":62}},"1":{"start":{"line":3,"column":0},"end":{"line":3,"column":275}},"2":{"start":{"line":4,"column":32},"end":{"line":4,"column":78}},"3":{"start":{"line":5,"column":0},"end":{"line":5,"column":168}},"4":{"start":{"line":5,"column":102},"end":{"line":5,"column":162}},"5":{"start":{"line":6,"column":25},"end":{"line":6,"column":64}},"6":{"start":{"line":7,"column":0},"end":{"line":7,"column":145}},"7":{"start":{"line":7,"column":94},"end":{"line":7,"column":139}},"8":{"start":{"line":8,"column":31},"end":{"line":8,"column":76}},"9":{"start":{"line":9,"column":0},"end":{"line":9,"column":165}},"10":{"start":{"line":9,"column":101},"end":{"line":9,"column":159}},"11":{"start":{"line":10,"column":16},"end":{"line":10,"column":46}},"12":{"start":{"line":11,"column":0},"end":{"line":11,"column":120}},"13":{"start":{"line":11,"column":86},"end":{"line":11,"column":114}},"14":{"start":{"line":12,"column":19},"end":{"line":12,"column":52}},"15":{"start":{"line":13,"column":0},"end":{"line":13,"column":129}},"16":{"start":{"line":13,"column":89},"end":{"line":13,"column":123}},"17":{"start":{"line":14,"column":28},"end":{"line":14,"column":70}},"18":{"start":{"line":15,"column":0},"end":{"line":15,"column":156}},"19":{"start":{"line":15,"column":98},"end":{"line":15,"column":150}},"20":{"start":{"line":16,"column":15},"end":{"line":16,"column":32}},"21":{"start":{"line":17,"column":16},"end":{"line":17,"column":34}},"22":{"start":{"line":18,"column":0},"end":{"line":18,"column":112}},"23":{"start":{"line":18,"column":82},"end":{"line":18,"column":106}},"24":{"start":{"line":19,"column":0},"end":{"line":19,"column":138}},"25":{"start":{"line":19,"column":95},"end":{"line":19,"column":132}},"26":{"start":{"line":20,"column":23},"end":{"line":49,"column":1}},"27":{"start":{"line":21,"column":4},"end":{"line":24,"column":5}},"28":{"start":{"line":23,"column":8},"end":{"line":23,"column":45}},"29":{"start":{"line":26,"column":4},"end":{"line":47,"column":5}},"30":{"start":{"line":28,"column":12},"end":{"line":28,"column":86}},"31":{"start":{"line":29,"column":12},"end":{"line":29,"column":18}},"32":{"start":{"line":31,"column":12},"end":{"line":31,"column":75}},"33":{"start":{"line":32,"column":12},"end":{"line":32,"column":18}},"34":{"start":{"line":34,"column":12},"end":{"line":34,"column":93}},"35":{"start":{"line":35,"column":12},"end":{"line":35,"column":18}},"36":{"start":{"line":37,"column":12},"end":{"line":37,"column":99}},"37":{"start":{"line":38,"column":12},"end":{"line":38,"column":18}},"38":{"start":{"line":40,"column":12},"end":{"line":40,"column":101}},"39":{"start":{"line":41,"column":12},"end":{"line":41,"column":18}},"40":{"start":{"line":43,"column":12},"end":{"line":43,"column":69}},"41":{"start":{"line":44,"column":12},"end":{"line":44,"column":18}},"42":{"start":{"line":46,"column":12},"end":{"line":46,"column":49}},"43":{"start":{"line":48,"column":4},"end":{"line":48,"column":19}},"44":{"start":{"line":50,"column":0},"end":{"line":50,"column":40}}},"fnMap":{"0":{"name":"(anonymous_0)","decl":{"start":{"line":5,"column":88},"end":{"line":5,"column":89}},"loc":{"start":{"line":5,"column":100},"end":{"line":5,"column":164}},"line":5},"1":{"name":"(anonymous_1)","decl":{"start":{"line":7,"column":80},"end":{"line":7,"column":81}},"loc":{"start":{"line":7,"column":92},"end":{"line":7,"column":141}},"line":7},"2":{"name":"(anonymous_2)","decl":{"start":{"line":9,"column":87},"end":{"line":9,"column":88}},"loc":{"start":{"line":9,"column":99},"end":{"line":9,"column":161}},"line":9},"3":{"name":"(anonymous_3)","decl":{"start":{"line":11,"column":72},"end":{"line":11,"column":73}},"loc":{"start":{"line":11,"column":84},"end":{"line":11,"column":116}},"line":11},"4":{"name":"(anonymous_4)","decl":{"start":{"line":13,"column":75},"end":{"line":13,"column":76}},"loc":{"start":{"line":13,"column":87},"end":{"line":13,"column":125}},"line":13},"5":{"name":"(anonymous_5)","decl":{"start":{"line":15,"column":84},"end":{"line":15,"column":85}},"loc":{"start":{"line":15,"column":96},"end":{"line":15,"column":152}},"line":15},"6":{"name":"(anonymous_6)","decl":{"start":{"line":18,"column":68},"end":{"line":18,"column":69}},"loc":{"start":{"line":18,"column":80},"end":{"line":18,"column":108}},"line":18},"7":{"name":"(anonymous_7)","decl":{"start":{"line":19,"column":81},"end":{"line":19,"column":82}},"loc":{"start":{"line":19,"column":93},"end":{"line":19,"column":134}},"line":19},"8":{"name":"(anonymous_8)","decl":{"start":{"line":20,"column":23},"end":{"line":20,"column":24}},"loc":{"start":{"line":20,"column":54},"end":{"line":49,"column":1}},"line":20}},"branchMap":{"0":{"loc":{"start":{"line":21,"column":4},"end":{"line":24,"column":5}},"type":"if","locations":[{"start":{"line":21,"column":4},"end":{"line":24,"column":5}},{"start":{},"end":{}}],"line":21},"1":{"loc":{"start":{"line":21,"column":8},"end":{"line":22,"column":57}},"type":"binary-expr","locations":[{"start":{"line":21,"column":8},"end":{"line":21,"column":55}},{"start":{"line":22,"column":8},"end":{"line":22,"column":57}}],"line":21},"2":{"loc":{"start":{"line":26,"column":4},"end":{"line":47,"column":5}},"type":"switch","locations":[{"start":{"line":27,"column":8},"end":{"line":29,"column":18}},{"start":{"line":30,"column":8},"end":{"line":32,"column":18}},{"start":{"line":33,"column":8},"end":{"line":35,"column":18}},{"start":{"line":36,"column":8},"end":{"line":38,"column":18}},{"start":{"line":39,"column":8},"end":{"line":41,"column":18}},{"start":{"line":42,"column":8},"end":{"line":44,"column":18}},{"start":{"line":45,"column":8},"end":{"line":46,"column":49}}],"line":26}},"s":{"0":1,"1":1,"2":1,"3":1,"4":0,"5":1,"6":1,"7":0,"8":1,"9":1,"10":0,"11":1,"12":1,"13":0,"14":1,"15":1,"16":0,"17":1,"18":1,"19":0,"20":1,"21":1,"22":1,"23":0,"24":1,"25":0,"26":1,"27":7,"28":1,"29":6,"30":1,"31":1,"32":1,"33":1,"34":1,"35":1,"36":1,"37":1,"38":1,"39":1,"40":1,"41":1,"42":0,"43":6,"44":1},"f":{"0":0,"1":0,"2":0,"3":0,"4":0,"5":0,"6":0,"7":0,"8":7},"b":{"0":[1,6],"1":[7,7],"2":[1,1,1,1,1,1,0]},"_coverageSchema":"1a1c01bbd47fc00a2c39e90264f33305004495a9","hash":"88df4ea3f4abb48f1dd251dc3db77a684d62cb2c"}
,"C:\\Users\\mtral\\Documents\\GitHub\\GeoBuckets\\dist\\src\\type.js": {"path":"C:\\Users\\mtral\\Documents\\GitHub\\GeoBuckets\\dist\\src\\type.js","statementMap":{"0":{"start":{"line":2,"column":0},"end":{"line":2,"column":62}},"1":{"start":{"line":3,"column":0},"end":{"line":3,"column":29}},"2":{"start":{"line":5,"column":0},"end":{"line":12,"column":68}},"3":{"start":{"line":6,"column":4},"end":{"line":6,"column":42}},"4":{"start":{"line":7,"column":4},"end":{"line":7,"column":36}},"5":{"start":{"line":8,"column":4},"end":{"line":8,"column":46}},"6":{"start":{"line":9,"column":4},"end":{"line":9,"column":49}},"7":{"start":{"line":10,"column":4},"end":{"line":10,"column":50}},"8":{"start":{"line":11,"column":4},"end":{"line":11,"column":33}}},"fnMap":{"0":{"name":"(anonymous_0)","decl":{"start":{"line":5,"column":1},"end":{"line":5,"column":2}},"loc":{"start":{"line":5,"column":24},"end":{"line":12,"column":1}},"line":5}},"branchMap":{"0":{"loc":{"start":{"line":12,"column":17},"end":{"line":12,"column":66}},"type":"binary-expr","locations":[{"start":{"line":12,"column":17},"end":{"line":12,"column":36}},{"start":{"line":12,"column":41},"end":{"line":12,"column":65}}],"line":12}},"s":{"0":1,"1":1,"2":1,"3":1,"4":1,"5":1,"6":1,"7":1,"8":1},"f":{"0":1},"b":{"0":[1,1]},"_coverageSchema":"1a1c01bbd47fc00a2c39e90264f33305004495a9","hash":"a89b64f54ef07f666db3e75b0722f3bf679bedd1"}
,"C:\\Users\\mtral\\Documents\\GitHub\\GeoBuckets\\dist\\src\\utils.js": {"path":"C:\\Users\\mtral\\Documents\\GitHub\\GeoBuckets\\dist\\src\\utils.js","statementMap":{"0":{"start":{"line":2,"column":0},"end":{"line":2,"column":62}},"1":{"start":{"line":3,"column":0},"end":{"line":3,"column":118}},"2":{"start":{"line":4,"column":17},"end":{"line":4,"column":36}},"3":{"start":{"line":5,"column":30},"end":{"line":12,"column":1}},"4":{"start":{"line":6,"column":4},"end":{"line":7,"column":61}},"5":{"start":{"line":7,"column":8},"end":{"line":7,"column":61}},"6":{"start":{"line":8,"column":4},"end":{"line":9,"column":93}},"7":{"start":{"line":9,"column":8},"end":{"line":9,"column":93}},"8":{"start":{"line":10,"column":4},"end":{"line":11,"column":88}},"9":{"start":{"line":11,"column":8},"end":{"line":11,"column":88}},"10":{"start":{"line":13,"column":0},"end":{"line":13,"column":54}},"11":{"start":{"line":14,"column":26},"end":{"line":17,"column":1}},"12":{"start":{"line":15,"column":4},"end":{"line":16,"column":82}},"13":{"start":{"line":16,"column":8},"end":{"line":16,"column":82}},"14":{"start":{"line":18,"column":0},"end":{"line":18,"column":46}},"15":{"start":{"line":19,"column":30},"end":{"line":23,"column":1}},"16":{"start":{"line":20,"column":14},"end":{"line":20,"column":25}},"17":{"start":{"line":21,"column":17},"end":{"line":21,"column":44}},"18":{"start":{"line":22,"column":4},"end":{"line":22,"column":87}},"19":{"start":{"line":22,"column":35},"end":{"line":22,"column":56}},"20":{"start":{"line":22,"column":75},"end":{"line":22,"column":80}},"21":{"start":{"line":24,"column":0},"end":{"line":24,"column":54}},"22":{"start":{"line":25,"column":17},"end":{"line":28,"column":1}},"23":{"start":{"line":26,"column":14},"end":{"line":26,"column":25}},"24":{"start":{"line":27,"column":4},"end":{"line":27,"column":44}},"25":{"start":{"line":27,"column":33},"end":{"line":27,"column":38}},"26":{"start":{"line":29,"column":0},"end":{"line":29,"column":28}}},"fnMap":{"0":{"name":"(anonymous_0)","decl":{"start":{"line":5,"column":30},"end":{"line":5,"column":31}},"loc":{"start":{"line":5,"column":62},"end":{"line":12,"column":1}},"line":5},"1":{"name":"(anonymous_1)","decl":{"start":{"line":14,"column":26},"end":{"line":14,"column":27}},"loc":{"start":{"line":14,"column":43},"end":{"line":17,"column":1}},"line":14},"2":{"name":"(anonymous_2)","decl":{"start":{"line":19,"column":30},"end":{"line":19,"column":31}},"loc":{"start":{"line":19,"column":40},"end":{"line":23,"column":1}},"line":19},"3":{"name":"(anonymous_3)","decl":{"start":{"line":22,"column":30},"end":{"line":22,"column":31}},"loc":{"start":{"line":22,"column":35},"end":{"line":22,"column":56}},"line":22},"4":{"name":"(anonymous_4)","decl":{"start":{"line":22,"column":65},"end":{"line":22,"column":66}},"loc":{"start":{"line":22,"column":75},"end":{"line":22,"column":80}},"line":22},"5":{"name":"(anonymous_5)","decl":{"start":{"line":25,"column":17},"end":{"line":25,"column":18}},"loc":{"start":{"line":25,"column":27},"end":{"line":28,"column":1}},"line":25},"6":{"name":"(anonymous_6)","decl":{"start":{"line":27,"column":23},"end":{"line":27,"column":24}},"loc":{"start":{"line":27,"column":33},"end":{"line":27,"column":38}},"line":27}},"branchMap":{"0":{"loc":{"start":{"line":6,"column":4},"end":{"line":7,"column":61}},"type":"if","locations":[{"start":{"line":6,"column":4},"end":{"line":7,"column":61}},{"start":{},"end":{}}],"line":6},"1":{"loc":{"start":{"line":8,"column":4},"end":{"line":9,"column":93}},"type":"if","locations":[{"start":{"line":8,"column":4},"end":{"line":9,"column":93}},{"start":{},"end":{}}],"line":8},"2":{"loc":{"start":{"line":10,"column":4},"end":{"line":11,"column":88}},"type":"if","locations":[{"start":{"line":10,"column":4},"end":{"line":11,"column":88}},{"start":{},"end":{}}],"line":10},"3":{"loc":{"start":{"line":15,"column":4},"end":{"line":16,"column":82}},"type":"if","locations":[{"start":{"line":15,"column":4},"end":{"line":16,"column":82}},{"start":{},"end":{}}],"line":15}},"s":{"0":8,"1":8,"2":8,"3":8,"4":30,"5":1,"6":29,"7":7,"8":22,"9":7,"10":8,"11":8,"12":34,"13":7,"14":8,"15":8,"16":4,"17":4,"18":4,"19":40,"20":36,"21":8,"22":8,"23":8,"24":8,"25":72,"26":8},"f":{"0":30,"1":34,"2":4,"3":40,"4":36,"5":8,"6":72},"b":{"0":[1,29],"1":[7,22],"2":[7,15],"3":[7,27]},"_coverageSchema":"1a1c01bbd47fc00a2c39e90264f33305004495a9","hash":"2327173cf7ca45faf1a8d916186afad63807480b"}
,"C:\\Users\\mtral\\Documents\\GitHub\\GeoBuckets\\dist\\src\\classifiers\\arithmeticProgression.js": {"path":"C:\\Users\\mtral\\Documents\\GitHub\\GeoBuckets\\dist\\src\\classifiers\\arithmeticProgression.js","statementMap":{"0":{"start":{"line":2,"column":0},"end":{"line":2,"column":62}},"1":{"start":{"line":3,"column":0},"end":{"line":3,"column":46}},"2":{"start":{"line":4,"column":16},"end":{"line":4,"column":35}},"3":{"start":{"line":5,"column":37},"end":{"line":28,"column":1}},"4":{"start":{"line":6,"column":4},"end":{"line":6,"column":48}},"5":{"start":{"line":7,"column":4},"end":{"line":7,"column":67}},"6":{"start":{"line":8,"column":22},"end":{"line":8,"column":23}},"7":{"start":{"line":9,"column":4},"end":{"line":11,"column":5}},"8":{"start":{"line":9,"column":19},"end":{"line":9,"column":20}},"9":{"start":{"line":10,"column":8},"end":{"line":10,"column":27}},"10":{"start":{"line":12,"column":22},"end":{"line":12,"column":39}},"11":{"start":{"line":13,"column":22},"end":{"line":13,"column":39}},"12":{"start":{"line":14,"column":21},"end":{"line":14,"column":58}},"13":{"start":{"line":15,"column":20},"end":{"line":15,"column":22}},"14":{"start":{"line":16,"column":4},"end":{"line":26,"column":5}},"15":{"start":{"line":16,"column":19},"end":{"line":16,"column":20}},"16":{"start":{"line":17,"column":8},"end":{"line":25,"column":9}},"17":{"start":{"line":18,"column":12},"end":{"line":18,"column":37}},"18":{"start":{"line":20,"column":13},"end":{"line":25,"column":9}},"19":{"start":{"line":21,"column":12},"end":{"line":21,"column":37}},"20":{"start":{"line":24,"column":12},"end":{"line":24,"column":63}},"21":{"start":{"line":27,"column":4},"end":{"line":27,"column":19}},"22":{"start":{"line":29,"column":0},"end":{"line":29,"column":68}}},"fnMap":{"0":{"name":"(anonymous_0)","decl":{"start":{"line":5,"column":37},"end":{"line":5,"column":38}},"loc":{"start":{"line":5,"column":62},"end":{"line":28,"column":1}},"line":5}},"branchMap":{"0":{"loc":{"start":{"line":17,"column":8},"end":{"line":25,"column":9}},"type":"if","locations":[{"start":{"line":17,"column":8},"end":{"line":25,"column":9}},{"start":{"line":20,"column":13},"end":{"line":25,"column":9}}],"line":17},"1":{"loc":{"start":{"line":20,"column":13},"end":{"line":25,"column":9}},"type":"if","locations":[{"start":{"line":20,"column":13},"end":{"line":25,"column":9}},{"start":{"line":23,"column":13},"end":{"line":25,"column":9}}],"line":20}},"s":{"0":2,"1":2,"2":2,"3":2,"4":5,"5":4,"6":2,"7":2,"8":2,"9":6,"10":2,"11":2,"12":2,"13":2,"14":2,"15":2,"16":8,"17":2,"18":6,"19":2,"20":4,"21":2,"22":2},"f":{"0":5},"b":{"0":[2,6],"1":[2,4]},"_coverageSchema":"1a1c01bbd47fc00a2c39e90264f33305004495a9","hash":"a2c5b0bce9ed64fd54bd46b5ea996aa06f1aecf6"}
,"C:\\Users\\mtral\\Documents\\GitHub\\GeoBuckets\\dist\\src\\classifiers\\equalIntervals.js": {"path":"C:\\Users\\mtral\\Documents\\GitHub\\GeoBuckets\\dist\\src\\classifiers\\equalIntervals.js","statementMap":{"0":{"start":{"line":2,"column":0},"end":{"line":2,"column":62}},"1":{"start":{"line":3,"column":0},"end":{"line":3,"column":38}},"2":{"start":{"line":4,"column":16},"end":{"line":4,"column":35}},"3":{"start":{"line":5,"column":29},"end":{"line":19,"column":1}},"4":{"start":{"line":6,"column":4},"end":{"line":6,"column":48}},"5":{"start":{"line":7,"column":4},"end":{"line":7,"column":67}},"6":{"start":{"line":8,"column":22},"end":{"line":8,"column":51}},"7":{"start":{"line":9,"column":22},"end":{"line":9,"column":51}},"8":{"start":{"line":10,"column":20},"end":{"line":10,"column":22}},"9":{"start":{"line":11,"column":21},"end":{"line":11,"column":60}},"10":{"start":{"line":12,"column":25},"end":{"line":12,"column":34}},"11":{"start":{"line":13,"column":4},"end":{"line":16,"column":5}},"12":{"start":{"line":13,"column":19},"end":{"line":13,"column":20}},"13":{"start":{"line":14,"column":8},"end":{"line":14,"column":38}},"14":{"start":{"line":15,"column":8},"end":{"line":15,"column":35}},"15":{"start":{"line":17,"column":4},"end":{"line":17,"column":39}},"16":{"start":{"line":18,"column":4},"end":{"line":18,"column":19}},"17":{"start":{"line":20,"column":0},"end":{"line":20,"column":52}}},"fnMap":{"0":{"name":"(anonymous_0)","decl":{"start":{"line":5,"column":29},"end":{"line":5,"column":30}},"loc":{"start":{"line":5,"column":74},"end":{"line":19,"column":1}},"line":5}},"branchMap":{"0":{"loc":{"start":{"line":8,"column":22},"end":{"line":8,"column":51}},"type":"binary-expr","locations":[{"start":{"line":8,"column":22},"end":{"line":8,"column":30}},{"start":{"line":8,"column":34},"end":{"line":8,"column":51}}],"line":8},"1":{"loc":{"start":{"line":9,"column":22},"end":{"line":9,"column":51}},"type":"binary-expr","locations":[{"start":{"line":9,"column":22},"end":{"line":9,"column":30}},{"start":{"line":9,"column":34},"end":{"line":9,"column":51}}],"line":9}},"s":{"0":2,"1":2,"2":2,"3":2,"4":6,"5":5,"6":3,"7":3,"8":3,"9":3,"10":3,"11":3,"12":3,"13":12,"14":12,"15":3,"16":3,"17":2},"f":{"0":6},"b":{"0":[3,2],"1":[3,2]},"_coverageSchema":"1a1c01bbd47fc00a2c39e90264f33305004495a9","hash":"f3484b8e095b86c06566516eee9cdf2a60f798ab"}
,"C:\\Users\\mtral\\Documents\\GitHub\\GeoBuckets\\dist\\src\\classifiers\\geometricProgression.js": {"path":"C:\\Users\\mtral\\Documents\\GitHub\\GeoBuckets\\dist\\src\\classifiers\\geometricProgression.js","statementMap":{"0":{"start":{"line":2,"column":0},"end":{"line":2,"column":62}},"1":{"start":{"line":3,"column":0},"end":{"line":3,"column":45}},"2":{"start":{"line":4,"column":17},"end":{"line":4,"column":37}},"3":{"start":{"line":5,"column":16},"end":{"line":5,"column":35}},"4":{"start":{"line":6,"column":36},"end":{"line":23,"column":1}},"5":{"start":{"line":7,"column":4},"end":{"line":7,"column":48}},"6":{"start":{"line":8,"column":4},"end":{"line":8,"column":67}},"7":{"start":{"line":9,"column":4},"end":{"line":10,"column":101}},"8":{"start":{"line":9,"column":28},"end":{"line":9,"column":34}},"9":{"start":{"line":10,"column":8},"end":{"line":10,"column":101}},"10":{"start":{"line":11,"column":22},"end":{"line":11,"column":39}},"11":{"start":{"line":12,"column":22},"end":{"line":12,"column":39}},"12":{"start":{"line":13,"column":19},"end":{"line":13,"column":50}},"13":{"start":{"line":14,"column":19},"end":{"line":14,"column":50}},"14":{"start":{"line":15,"column":21},"end":{"line":15,"column":54}},"15":{"start":{"line":16,"column":27},"end":{"line":16,"column":29}},"16":{"start":{"line":17,"column":4},"end":{"line":19,"column":5}},"17":{"start":{"line":17,"column":19},"end":{"line":17,"column":20}},"18":{"start":{"line":18,"column":8},"end":{"line":18,"column":108}},"19":{"start":{"line":20,"column":20},"end":{"line":20,"column":64}},"20":{"start":{"line":20,"column":47},"end":{"line":20,"column":63}},"21":{"start":{"line":21,"column":4},"end":{"line":21,"column":28}},"22":{"start":{"line":22,"column":4},"end":{"line":22,"column":19}},"23":{"start":{"line":24,"column":0},"end":{"line":24,"column":66}}},"fnMap":{"0":{"name":"(anonymous_0)","decl":{"start":{"line":6,"column":36},"end":{"line":6,"column":37}},"loc":{"start":{"line":6,"column":61},"end":{"line":23,"column":1}},"line":6},"1":{"name":"(anonymous_1)","decl":{"start":{"line":9,"column":20},"end":{"line":9,"column":21}},"loc":{"start":{"line":9,"column":28},"end":{"line":9,"column":34}},"line":9},"2":{"name":"(anonymous_2)","decl":{"start":{"line":20,"column":39},"end":{"line":20,"column":40}},"loc":{"start":{"line":20,"column":47},"end":{"line":20,"column":63}},"line":20}},"branchMap":{"0":{"loc":{"start":{"line":9,"column":4},"end":{"line":10,"column":101}},"type":"if","locations":[{"start":{"line":9,"column":4},"end":{"line":10,"column":101}},{"start":{},"end":{}}],"line":9},"1":{"loc":{"start":{"line":18,"column":8},"end":{"line":18,"column":107}},"type":"cond-expr","locations":[{"start":{"line":18,"column":20},"end":{"line":18,"column":48}},{"start":{"line":18,"column":51},"end":{"line":18,"column":107}}],"line":18}},"s":{"0":2,"1":2,"2":2,"3":2,"4":2,"5":6,"6":5,"7":3,"8":24,"9":1,"10":2,"11":2,"12":2,"13":2,"14":2,"15":2,"16":2,"17":2,"18":6,"19":2,"20":6,"21":2,"22":2,"23":2},"f":{"0":6,"1":24,"2":6},"b":{"0":[1,2],"1":[2,4]},"_coverageSchema":"1a1c01bbd47fc00a2c39e90264f33305004495a9","hash":"d173dd583c4a02e15b70c202775da1e58aef880a"}
,"C:\\Users\\mtral\\Documents\\GitHub\\GeoBuckets\\dist\\src\\classifiers\\jenks.js": {"path":"C:\\Users\\mtral\\Documents\\GitHub\\GeoBuckets\\dist\\src\\classifiers\\jenks.js","statementMap":{"0":{"start":{"line":2,"column":0},"end":{"line":2,"column":62}},"1":{"start":{"line":3,"column":0},"end":{"line":3,"column":30}},"2":{"start":{"line":4,"column":16},"end":{"line":4,"column":35}},"3":{"start":{"line":5,"column":21},"end":{"line":60,"column":1}},"4":{"start":{"line":6,"column":4},"end":{"line":6,"column":48}},"5":{"start":{"line":7,"column":4},"end":{"line":7,"column":67}},"6":{"start":{"line":8,"column":4},"end":{"line":8,"column":31}},"7":{"start":{"line":8,"column":24},"end":{"line":8,"column":29}},"8":{"start":{"line":9,"column":17},"end":{"line":9,"column":92}},"9":{"start":{"line":9,"column":62},"end":{"line":9,"column":91}},"10":{"start":{"line":10,"column":17},"end":{"line":10,"column":92}},"11":{"start":{"line":10,"column":62},"end":{"line":10,"column":91}},"12":{"start":{"line":11,"column":12},"end":{"line":11,"column":15}},"13":{"start":{"line":12,"column":4},"end":{"line":19,"column":5}},"14":{"start":{"line":12,"column":17},"end":{"line":12,"column":18}},"15":{"start":{"line":12,"column":25},"end":{"line":12,"column":42}},"16":{"start":{"line":13,"column":8},"end":{"line":13,"column":23}},"17":{"start":{"line":14,"column":8},"end":{"line":14,"column":23}},"18":{"start":{"line":15,"column":8},"end":{"line":17,"column":9}},"19":{"start":{"line":15,"column":21},"end":{"line":15,"column":22}},"20":{"start":{"line":15,"column":29},"end":{"line":15,"column":44}},"21":{"start":{"line":16,"column":12},"end":{"line":16,"column":34}},"22":{"start":{"line":18,"column":8},"end":{"line":18,"column":16}},"23":{"start":{"line":20,"column":4},"end":{"line":43,"column":5}},"24":{"start":{"line":20,"column":17},"end":{"line":20,"column":18}},"25":{"start":{"line":20,"column":25},"end":{"line":20,"column":40}},"26":{"start":{"line":21,"column":17},"end":{"line":21,"column":20}},"27":{"start":{"line":22,"column":17},"end":{"line":22,"column":20}},"28":{"start":{"line":23,"column":16},"end":{"line":23,"column":19}},"29":{"start":{"line":24,"column":8},"end":{"line":40,"column":9}},"30":{"start":{"line":24,"column":21},"end":{"line":24,"column":22}},"31":{"start":{"line":24,"column":29},"end":{"line":24,"column":34}},"32":{"start":{"line":25,"column":23},"end":{"line":25,"column":32}},"33":{"start":{"line":26,"column":24},"end":{"line":26,"column":36}},"34":{"start":{"line":27,"column":12},"end":{"line":27,"column":28}},"35":{"start":{"line":28,"column":12},"end":{"line":28,"column":22}},"36":{"start":{"line":29,"column":12},"end":{"line":29,"column":19}},"37":{"start":{"line":30,"column":12},"end":{"line":30,"column":35}},"38":{"start":{"line":31,"column":23},"end":{"line":31,"column":29}},"39":{"start":{"line":32,"column":12},"end":{"line":39,"column":13}},"40":{"start":{"line":33,"column":16},"end":{"line":38,"column":17}},"41":{"start":{"line":33,"column":29},"end":{"line":33,"column":30}},"42":{"start":{"line":33,"column":37},"end":{"line":33,"column":54}},"43":{"start":{"line":34,"column":20},"end":{"line":37,"column":21}},"44":{"start":{"line":35,"column":24},"end":{"line":35,"column":40}},"45":{"start":{"line":36,"column":24},"end":{"line":36,"column":57}},"46":{"start":{"line":41,"column":8},"end":{"line":41,"column":23}},"47":{"start":{"line":42,"column":8},"end":{"line":42,"column":23}},"48":{"start":{"line":44,"column":12},"end":{"line":44,"column":23}},"49":{"start":{"line":45,"column":20},"end":{"line":45,"column":64}},"50":{"start":{"line":46,"column":4},"end":{"line":46,"column":51}},"51":{"start":{"line":47,"column":4},"end":{"line":47,"column":25}},"52":{"start":{"line":48,"column":19},"end":{"line":48,"column":32}},"53":{"start":{"line":49,"column":4},"end":{"line":55,"column":5}},"54":{"start":{"line":50,"column":19},"end":{"line":50,"column":40}},"55":{"start":{"line":51,"column":8},"end":{"line":51,"column":41}},"56":{"start":{"line":52,"column":23},"end":{"line":52,"column":40}},"57":{"start":{"line":53,"column":8},"end":{"line":53,"column":23}},"58":{"start":{"line":54,"column":8},"end":{"line":54,"column":22}},"59":{"start":{"line":56,"column":4},"end":{"line":58,"column":5}},"60":{"start":{"line":57,"column":8},"end":{"line":57,"column":23}},"61":{"start":{"line":59,"column":4},"end":{"line":59,"column":19}},"62":{"start":{"line":61,"column":0},"end":{"line":61,"column":36}}},"fnMap":{"0":{"name":"(anonymous_0)","decl":{"start":{"line":5,"column":21},"end":{"line":5,"column":22}},"loc":{"start":{"line":5,"column":46},"end":{"line":60,"column":1}},"line":5},"1":{"name":"(anonymous_1)","decl":{"start":{"line":8,"column":14},"end":{"line":8,"column":15}},"loc":{"start":{"line":8,"column":24},"end":{"line":8,"column":29}},"line":8},"2":{"name":"(anonymous_2)","decl":{"start":{"line":9,"column":56},"end":{"line":9,"column":57}},"loc":{"start":{"line":9,"column":62},"end":{"line":9,"column":91}},"line":9},"3":{"name":"(anonymous_3)","decl":{"start":{"line":10,"column":56},"end":{"line":10,"column":57}},"loc":{"start":{"line":10,"column":62},"end":{"line":10,"column":91}},"line":10}},"branchMap":{"0":{"loc":{"start":{"line":32,"column":12},"end":{"line":39,"column":13}},"type":"if","locations":[{"start":{"line":32,"column":12},"end":{"line":39,"column":13}},{"start":{},"end":{}}],"line":32},"1":{"loc":{"start":{"line":34,"column":20},"end":{"line":37,"column":21}},"type":"if","locations":[{"start":{"line":34,"column":20},"end":{"line":37,"column":21}},{"start":{},"end":{}}],"line":34},"2":{"loc":{"start":{"line":56,"column":4},"end":{"line":58,"column":5}},"type":"if","locations":[{"start":{"line":56,"column":4},"end":{"line":58,"column":5}},{"start":{},"end":{}}],"line":56}},"s":{"0":2,"1":2,"2":2,"3":2,"4":5,"5":4,"6":2,"7":40,"8":2,"9":22,"10":2,"11":22,"12":2,"13":2,"14":2,"15":2,"16":6,"17":6,"18":6,"19":6,"20":6,"21":60,"22":6,"23":2,"24":2,"25":2,"26":18,"27":18,"28":18,"29":18,"30":18,"31":18,"32":108,"33":108,"34":108,"35":108,"36":108,"37":108,"38":108,"39":108,"40":90,"41":90,"42":90,"43":180,"44":68,"45":68,"46":18,"47":18,"48":2,"49":2,"50":2,"51":2,"52":2,"53":2,"54":4,"55":4,"56":4,"57":4,"58":4,"59":2,"60":0,"61":2,"62":2},"f":{"0":5,"1":40,"2":22,"3":22},"b":{"0":[90,18],"1":[68,112],"2":[0,2]},"_coverageSchema":"1a1c01bbd47fc00a2c39e90264f33305004495a9","hash":"84f2f0cec6c06436b5853417e8a9bb0d7bb2af40"}
,"C:\\Users\\mtral\\Documents\\GitHub\\GeoBuckets\\dist\\src\\classifiers\\quantile.js": {"path":"C:\\Users\\mtral\\Documents\\GitHub\\GeoBuckets\\dist\\src\\classifiers\\quantile.js","statementMap":{"0":{"start":{"line":2,"column":0},"end":{"line":2,"column":62}},"1":{"start":{"line":3,"column":0},"end":{"line":3,"column":33}},"2":{"start":{"line":4,"column":16},"end":{"line":4,"column":35}},"3":{"start":{"line":5,"column":24},"end":{"line":17,"column":1}},"4":{"start":{"line":6,"column":4},"end":{"line":6,"column":48}},"5":{"start":{"line":7,"column":4},"end":{"line":7,"column":67}},"6":{"start":{"line":8,"column":4},"end":{"line":8,"column":31}},"7":{"start":{"line":8,"column":24},"end":{"line":8,"column":29}},"8":{"start":{"line":9,"column":22},"end":{"line":9,"column":24}},"9":{"start":{"line":10,"column":17},"end":{"line":10,"column":44}},"10":{"start":{"line":11,"column":4},"end":{"line":14,"column":5}},"11":{"start":{"line":11,"column":19},"end":{"line":11,"column":20}},"12":{"start":{"line":12,"column":28},"end":{"line":12,"column":57}},"13":{"start":{"line":13,"column":8},"end":{"line":13,"column":46}},"14":{"start":{"line":15,"column":4},"end":{"line":15,"column":31}},"15":{"start":{"line":16,"column":4},"end":{"line":16,"column":21}},"16":{"start":{"line":18,"column":0},"end":{"line":18,"column":42}}},"fnMap":{"0":{"name":"(anonymous_0)","decl":{"start":{"line":5,"column":24},"end":{"line":5,"column":25}},"loc":{"start":{"line":5,"column":49},"end":{"line":17,"column":1}},"line":5},"1":{"name":"(anonymous_1)","decl":{"start":{"line":8,"column":14},"end":{"line":8,"column":15}},"loc":{"start":{"line":8,"column":24},"end":{"line":8,"column":29}},"line":8}},"branchMap":{},"s":{"0":2,"1":2,"2":2,"3":2,"4":5,"5":4,"6":2,"7":29,"8":2,"9":2,"10":2,"11":2,"12":6,"13":6,"14":2,"15":2,"16":2},"f":{"0":5,"1":29},"b":{},"_coverageSchema":"1a1c01bbd47fc00a2c39e90264f33305004495a9","hash":"cd42ae86ce6208ffdcf46d6c4e45d24bbc510783"}
,"C:\\Users\\mtral\\Documents\\GitHub\\GeoBuckets\\dist\\src\\classifiers\\standardDeviation.js": {"path":"C:\\Users\\mtral\\Documents\\GitHub\\GeoBuckets\\dist\\src\\classifiers\\standardDeviation.js","statementMap":{"0":{"start":{"line":2,"column":0},"end":{"line":2,"column":62}},"1":{"start":{"line":3,"column":0},"end":{"line":3,"column":42}},"2":{"start":{"line":4,"column":16},"end":{"line":4,"column":35}},"3":{"start":{"line":5,"column":33},"end":{"line":40,"column":1}},"4":{"start":{"line":6,"column":4},"end":{"line":6,"column":48}},"5":{"start":{"line":7,"column":4},"end":{"line":7,"column":67}},"6":{"start":{"line":8,"column":22},"end":{"line":8,"column":39}},"7":{"start":{"line":9,"column":22},"end":{"line":9,"column":39}},"8":{"start":{"line":10,"column":30},"end":{"line":10,"column":70}},"9":{"start":{"line":11,"column":17},"end":{"line":11,"column":44}},"10":{"start":{"line":12,"column":20},"end":{"line":12,"column":22}},"11":{"start":{"line":13,"column":4},"end":{"line":36,"column":5}},"12":{"start":{"line":15,"column":30},"end":{"line":15,"column":47}},"13":{"start":{"line":16,"column":12},"end":{"line":16,"column":38}},"14":{"start":{"line":17,"column":12},"end":{"line":19,"column":13}},"15":{"start":{"line":17,"column":27},"end":{"line":17,"column":40}},"16":{"start":{"line":18,"column":16},"end":{"line":18,"column":68}},"17":{"start":{"line":20,"column":12},"end":{"line":22,"column":13}},"18":{"start":{"line":20,"column":27},"end":{"line":20,"column":40}},"19":{"start":{"line":21,"column":16},"end":{"line":21,"column":68}},"20":{"start":{"line":23,"column":12},"end":{"line":23,"column":18}},"21":{"start":{"line":25,"column":29},"end":{"line":25,"column":58}},"22":{"start":{"line":26,"column":29},"end":{"line":26,"column":41}},"23":{"start":{"line":27,"column":12},"end":{"line":27,"column":63}},"24":{"start":{"line":28,"column":12},"end":{"line":28,"column":63}},"25":{"start":{"line":29,"column":12},"end":{"line":31,"column":13}},"26":{"start":{"line":29,"column":27},"end":{"line":29,"column":39}},"27":{"start":{"line":30,"column":16},"end":{"line":30,"column":68}},"28":{"start":{"line":32,"column":12},"end":{"line":34,"column":13}},"29":{"start":{"line":32,"column":27},"end":{"line":32,"column":39}},"30":{"start":{"line":33,"column":16},"end":{"line":33,"column":68}},"31":{"start":{"line":35,"column":12},"end":{"line":35,"column":18}},"32":{"start":{"line":37,"column":4},"end":{"line":37,"column":78}},"33":{"start":{"line":38,"column":4},"end":{"line":38,"column":106}},"34":{"start":{"line":39,"column":4},"end":{"line":39,"column":19}},"35":{"start":{"line":41,"column":0},"end":{"line":41,"column":60}}},"fnMap":{"0":{"name":"(anonymous_0)","decl":{"start":{"line":5,"column":33},"end":{"line":5,"column":34}},"loc":{"start":{"line":5,"column":82},"end":{"line":40,"column":1}},"line":5}},"branchMap":{"0":{"loc":{"start":{"line":5,"column":55},"end":{"line":5,"column":77}},"type":"default-arg","locations":[{"start":{"line":5,"column":73},"end":{"line":5,"column":77}}],"line":5},"1":{"loc":{"start":{"line":13,"column":4},"end":{"line":36,"column":5}},"type":"switch","locations":[{"start":{"line":14,"column":8},"end":{"line":23,"column":18}},{"start":{"line":24,"column":8},"end":{"line":35,"column":18}}],"line":13},"2":{"loc":{"start":{"line":37,"column":17},"end":{"line":37,"column":77}},"type":"cond-expr","locations":[{"start":{"line":37,"column":35},"end":{"line":37,"column":65}},{"start":{"line":37,"column":68},"end":{"line":37,"column":77}}],"line":37},"3":{"loc":{"start":{"line":38,"column":29},"end":{"line":38,"column":105}},"type":"cond-expr","locations":[{"start":{"line":38,"column":47},"end":{"line":38,"column":93}},{"start":{"line":38,"column":96},"end":{"line":38,"column":105}}],"line":38}},"s":{"0":2,"1":2,"2":2,"3":2,"4":6,"5":5,"6":3,"7":3,"8":3,"9":3,"10":3,"11":3,"12":0,"13":0,"14":0,"15":0,"16":0,"17":0,"18":0,"19":0,"20":0,"21":3,"22":3,"23":3,"24":3,"25":3,"26":3,"27":0,"28":3,"29":3,"30":0,"31":3,"32":3,"33":3,"34":3,"35":2},"f":{"0":6},"b":{"0":[4],"1":[0,3],"2":[2,1],"3":[2,1]},"_coverageSchema":"1a1c01bbd47fc00a2c39e90264f33305004495a9","hash":"314147bb91a61cf94200d1b15302962d244efc63"}
,"C:\\Users\\mtral\\Documents\\GitHub\\GeoBuckets\\dist\\test\\testData.js": {"path":"C:\\Users\\mtral\\Documents\\GitHub\\GeoBuckets\\dist\\test\\testData.js","statementMap":{"0":{"start":{"line":2,"column":0},"end":{"line":2,"column":62}},"1":{"start":{"line":3,"column":0},"end":{"line":3,"column":56}},"2":{"start":{"line":4,"column":0},"end":{"line":21,"column":2}},"3":{"start":{"line":22,"column":0},"end":{"line":25,"column":2}}},"fnMap":{},"branchMap":{},"s":{"0":8,"1":8,"2":8,"3":8},"f":{},"b":{},"_coverageSchema":"1a1c01bbd47fc00a2c39e90264f33305004495a9","hash":"dc3a6dc1be5a154c809988eb02fd54c3530a119b"}
,"C:\\Users\\mtral\\Documents\\GitHub\\GeoBuckets\\src\\errors.ts": {"path":"C:\\Users\\mtral\\Documents\\GitHub\\GeoBuckets\\src\\errors.ts","statementMap":{"0":{"start":{"line":4,"column":8},"end":{"line":4,"column":19}},"1":{"start":{"line":5,"column":8},"end":{"line":5,"column":64}},"2":{"start":{"line":11,"column":8},"end":{"line":11,"column":19}},"3":{"start":{"line":12,"column":8},"end":{"line":12,"column":62}}},"fnMap":{"0":{"name":"(anonymous_0)","decl":{"start":{"line":3,"column":4},"end":{"line":3,"column":5}},"loc":{"start":{"line":3,"column":29},"end":{"line":6,"column":5}},"line":3},"1":{"name":"(anonymous_1)","decl":{"start":{"line":10,"column":4},"end":{"line":10,"column":5}},"loc":{"start":{"line":10,"column":29},"end":{"line":13,"column":5}},"line":10}},"branchMap":{},"s":{"0":14,"1":14,"2":8,"3":8},"f":{"0":14,"1":8},"b":{},"_coverageSchema":"1a1c01bbd47fc00a2c39e90264f33305004495a9","hash":"97762bed4bac6ccc25f17efb9758b8f46610bd72"}
,"C:\\Users\\mtral\\Documents\\GitHub\\GeoBuckets\\src\\index.ts": {"path":"C:\\Users\\mtral\\Documents\\GitHub\\GeoBuckets\\src\\index.ts","statementMap":{"0":{"start":{"line":10,"column":30},"end":{"line":43,"column":1}},"1":{"start":{"line":12,"column":4},"end":{"line":15,"column":5}},"2":{"start":{"line":14,"column":8},"end":{"line":14,"column":44}},"3":{"start":{"line":19,"column":4},"end":{"line":40,"column":5}},"4":{"start":{"line":21,"column":10},"end":{"line":21,"column":62}},"5":{"start":{"line":22,"column":10},"end":{"line":22,"column":16}},"6":{"start":{"line":24,"column":10},"end":{"line":24,"column":57}},"7":{"start":{"line":25,"column":10},"end":{"line":25,"column":16}},"8":{"start":{"line":27,"column":10},"end":{"line":27,"column":66}},"9":{"start":{"line":28,"column":10},"end":{"line":28,"column":16}},"10":{"start":{"line":30,"column":10},"end":{"line":30,"column":69}},"11":{"start":{"line":31,"column":10},"end":{"line":31,"column":16}},"12":{"start":{"line":33,"column":10},"end":{"line":33,"column":70}},"13":{"start":{"line":34,"column":10},"end":{"line":34,"column":16}},"14":{"start":{"line":36,"column":10},"end":{"line":36,"column":54}},"15":{"start":{"line":37,"column":10},"end":{"line":37,"column":16}},"16":{"start":{"line":39,"column":10},"end":{"line":39,"column":46}},"17":{"start":{"line":42,"column":4},"end":{"line":42,"column":18}}},"fnMap":{"0":{"name":"(anonymous_0)","decl":{"start":{"line":10,"column":30},"end":{"line":10,"column":31}},"loc":{"start":{"line":10,"column":122},"end":{"line":43,"column":1}},"line":10}},"branchMap":{"0":{"loc":{"start":{"line":12,"column":4},"end":{"line":15,"column":5}},"type":"if","locations":[{"start":{"line":12,"column":4},"end":{"line":15,"column":5}},{"start":{},"end":{}}],"line":12},"1":{"loc":{"start":{"line":12,"column":8},"end":{"line":13,"column":65}},"type":"binary-expr","locations":[{"start":{"line":12,"column":8},"end":{"line":12,"column":63}},{"start":{"line":13,"column":8},"end":{"line":13,"column":65}}],"line":12},"2":{"loc":{"start":{"line":19,"column":4},"end":{"line":40,"column":5}},"type":"switch","locations":[{"start":{"line":20,"column":8},"end":{"line":22,"column":16}},{"start":{"line":23,"column":8},"end":{"line":25,"column":16}},{"start":{"line":26,"column":8},"end":{"line":28,"column":16}},{"start":{"line":29,"column":8},"end":{"line":31,"column":16}},{"start":{"line":32,"column":8},"end":{"line":34,"column":16}},{"start":{"line":35,"column":8},"end":{"line":37,"column":16}},{"start":{"line":38,"column":8},"end":{"line":39,"column":46}}],"line":19}},"s":{"0":1,"1":7,"2":1,"3":6,"4":1,"5":1,"6":1,"7":1,"8":1,"9":1,"10":1,"11":1,"12":1,"13":1,"14":1,"15":1,"16":0,"17":6},"f":{"0":7},"b":{"0":[1,6],"1":[7,7],"2":[1,1,1,1,1,1,0]},"_coverageSchema":"1a1c01bbd47fc00a2c39e90264f33305004495a9","hash":"a732b1ef334cb743422fff5ab3c86182fa25fea6"}
,"C:\\Users\\mtral\\Documents\\GitHub\\GeoBuckets\\src\\type.ts": {"path":"C:\\Users\\mtral\\Documents\\GitHub\\GeoBuckets\\src\\type.ts","statementMap":{},"fnMap":{},"branchMap":{},"s":{},"f":{},"b":{},"_coverageSchema":"1a1c01bbd47fc00a2c39e90264f33305004495a9","hash":"3b2982697502f8094f6dbcf07b5adbabefc7d0dd"}
,"C:\\Users\\mtral\\Documents\\GitHub\\GeoBuckets\\src\\utils.ts": {"path":"C:\\Users\\mtral\\Documents\\GitHub\\GeoBuckets\\src\\utils.ts","statementMap":{"0":{"start":{"line":3,"column":37},"end":{"line":9,"column":1}},"1":{"start":{"line":5,"column":4},"end":{"line":5,"column":94}},"2":{"start":{"line":5,"column":42},"end":{"line":5,"column":94}},"3":{"start":{"line":6,"column":4},"end":{"line":6,"column":112}},"4":{"start":{"line":6,"column":37},"end":{"line":6,"column":112}},"5":{"start":{"line":7,"column":4},"end":{"line":7,"column":98}},"6":{"start":{"line":7,"column":28},"end":{"line":7,"column":98}},"7":{"start":{"line":11,"column":33},"end":{"line":14,"column":1}},"8":{"start":{"line":13,"column":4},"end":{"line":13,"column":90}},"9":{"start":{"line":13,"column":26},"end":{"line":13,"column":90}},"10":{"start":{"line":16,"column":37},"end":{"line":20,"column":3}},"11":{"start":{"line":17,"column":22},"end":{"line":17,"column":33}},"12":{"start":{"line":18,"column":17},"end":{"line":18,"column":31}},"13":{"start":{"line":19,"column":4},"end":{"line":19,"column":86}},"14":{"start":{"line":19,"column":35},"end":{"line":19,"column":56}},"15":{"start":{"line":19,"column":75},"end":{"line":19,"column":80}},"16":{"start":{"line":22,"column":24},"end":{"line":25,"column":1}},"17":{"start":{"line":23,"column":22},"end":{"line":23,"column":33}},"18":{"start":{"line":24,"column":4},"end":{"line":24,"column":43}},"19":{"start":{"line":24,"column":33},"end":{"line":24,"column":38}}},"fnMap":{"0":{"name":"(anonymous_0)","decl":{"start":{"line":3,"column":37},"end":{"line":3,"column":38}},"loc":{"start":{"line":3,"column":92},"end":{"line":9,"column":1}},"line":3},"1":{"name":"(anonymous_1)","decl":{"start":{"line":11,"column":33},"end":{"line":11,"column":34}},"loc":{"start":{"line":11,"column":65},"end":{"line":14,"column":1}},"line":11},"2":{"name":"(anonymous_2)","decl":{"start":{"line":16,"column":37},"end":{"line":16,"column":38}},"loc":{"start":{"line":16,"column":71},"end":{"line":20,"column":3}},"line":16},"3":{"name":"(anonymous_3)","decl":{"start":{"line":19,"column":30},"end":{"line":19,"column":31}},"loc":{"start":{"line":19,"column":35},"end":{"line":19,"column":56}},"line":19},"4":{"name":"(anonymous_4)","decl":{"start":{"line":19,"column":65},"end":{"line":19,"column":66}},"loc":{"start":{"line":19,"column":75},"end":{"line":19,"column":80}},"line":19},"5":{"name":"(anonymous_5)","decl":{"start":{"line":22,"column":24},"end":{"line":22,"column":25}},"loc":{"start":{"line":22,"column":58},"end":{"line":25,"column":1}},"line":22},"6":{"name":"(anonymous_6)","decl":{"start":{"line":24,"column":23},"end":{"line":24,"column":24}},"loc":{"start":{"line":24,"column":33},"end":{"line":24,"column":38}},"line":24}},"branchMap":{"0":{"loc":{"start":{"line":5,"column":4},"end":{"line":5,"column":94}},"type":"if","locations":[{"start":{"line":5,"column":4},"end":{"line":5,"column":94}},{"start":{},"end":{}}],"line":5},"1":{"loc":{"start":{"line":6,"column":4},"end":{"line":6,"column":112}},"type":"if","locations":[{"start":{"line":6,"column":4},"end":{"line":6,"column":112}},{"start":{},"end":{}}],"line":6},"2":{"loc":{"start":{"line":7,"column":4},"end":{"line":7,"column":98}},"type":"if","locations":[{"start":{"line":7,"column":4},"end":{"line":7,"column":98}},{"start":{},"end":{}}],"line":7},"3":{"loc":{"start":{"line":13,"column":4},"end":{"line":13,"column":90}},"type":"if","locations":[{"start":{"line":13,"column":4},"end":{"line":13,"column":90}},{"start":{},"end":{}}],"line":13}},"s":{"0":8,"1":30,"2":1,"3":29,"4":7,"5":22,"6":7,"7":8,"8":34,"9":7,"10":8,"11":4,"12":4,"13":4,"14":40,"15":36,"16":8,"17":8,"18":8,"19":72},"f":{"0":30,"1":34,"2":4,"3":40,"4":36,"5":8,"6":72},"b":{"0":[1,29],"1":[7,22],"2":[7,15],"3":[7,27]},"_coverageSchema":"1a1c01bbd47fc00a2c39e90264f33305004495a9","hash":"8c2deaaf82633295c57f1281c325c44cfb945e5b"}
,"C:\\Users\\mtral\\Documents\\GitHub\\GeoBuckets\\src\\classifiers\\arithmeticProgression.ts": {"path":"C:\\Users\\mtral\\Documents\\GitHub\\GeoBuckets\\src\\classifiers\\arithmeticProgression.ts","statementMap":{"0":{"start":{"line":4,"column":44},"end":{"line":36,"column":1}},"1":{"start":{"line":6,"column":4},"end":{"line":6,"column":34}},"2":{"start":{"line":7,"column":4},"end":{"line":7,"column":53}},"3":{"start":{"line":10,"column":30},"end":{"line":10,"column":31}},"4":{"start":{"line":11,"column":4},"end":{"line":13,"column":5}},"5":{"start":{"line":11,"column":19},"end":{"line":11,"column":20}},"6":{"start":{"line":12,"column":8},"end":{"line":12,"column":27}},"7":{"start":{"line":15,"column":30},"end":{"line":15,"column":47}},"8":{"start":{"line":16,"column":30},"end":{"line":16,"column":47}},"9":{"start":{"line":18,"column":29},"end":{"line":18,"column":66}},"10":{"start":{"line":20,"column":35},"end":{"line":20,"column":37}},"11":{"start":{"line":22,"column":4},"end":{"line":32,"column":5}},"12":{"start":{"line":22,"column":19},"end":{"line":22,"column":20}},"13":{"start":{"line":23,"column":8},"end":{"line":31,"column":9}},"14":{"start":{"line":24,"column":12},"end":{"line":24,"column":37}},"15":{"start":{"line":26,"column":13},"end":{"line":31,"column":9}},"16":{"start":{"line":27,"column":12},"end":{"line":27,"column":37}},"17":{"start":{"line":30,"column":12},"end":{"line":30,"column":61}},"18":{"start":{"line":34,"column":4},"end":{"line":34,"column":18}}},"fnMap":{"0":{"name":"(anonymous_0)","decl":{"start":{"line":4,"column":44},"end":{"line":4,"column":45}},"loc":{"start":{"line":4,"column":108},"end":{"line":36,"column":1}},"line":4}},"branchMap":{"0":{"loc":{"start":{"line":23,"column":8},"end":{"line":31,"column":9}},"type":"if","locations":[{"start":{"line":23,"column":8},"end":{"line":31,"column":9}},{"start":{"line":26,"column":13},"end":{"line":31,"column":9}}],"line":23},"1":{"loc":{"start":{"line":26,"column":13},"end":{"line":31,"column":9}},"type":"if","locations":[{"start":{"line":26,"column":13},"end":{"line":31,"column":9}},{"start":{"line":29,"column":13},"end":{"line":31,"column":9}}],"line":26}},"s":{"0":2,"1":5,"2":4,"3":2,"4":2,"5":2,"6":6,"7":2,"8":2,"9":2,"10":2,"11":2,"12":2,"13":8,"14":2,"15":6,"16":2,"17":4,"18":2},"f":{"0":5},"b":{"0":[2,6],"1":[2,4]},"_coverageSchema":"1a1c01bbd47fc00a2c39e90264f33305004495a9","hash":"13b1fb3a8724f2442ca88de0d3db53473b4fabdc"}
,"C:\\Users\\mtral\\Documents\\GitHub\\GeoBuckets\\src\\classifiers\\equalIntervals.ts": {"path":"C:\\Users\\mtral\\Documents\\GitHub\\GeoBuckets\\src\\classifiers\\equalIntervals.ts","statementMap":{"0":{"start":{"line":3,"column":36},"end":{"line":23,"column":1}},"1":{"start":{"line":5,"column":4},"end":{"line":5,"column":34}},"2":{"start":{"line":6,"column":4},"end":{"line":6,"column":53}},"3":{"start":{"line":8,"column":30},"end":{"line":8,"column":59}},"4":{"start":{"line":9,"column":30},"end":{"line":9,"column":59}},"5":{"start":{"line":11,"column":35},"end":{"line":11,"column":37}},"6":{"start":{"line":13,"column":29},"end":{"line":13,"column":68}},"7":{"start":{"line":14,"column":33},"end":{"line":14,"column":42}},"8":{"start":{"line":15,"column":4},"end":{"line":18,"column":5}},"9":{"start":{"line":15,"column":19},"end":{"line":15,"column":20}},"10":{"start":{"line":16,"column":8},"end":{"line":16,"column":37}},"11":{"start":{"line":17,"column":8},"end":{"line":17,"column":34}},"12":{"start":{"line":20,"column":4},"end":{"line":20,"column":38}},"13":{"start":{"line":22,"column":4},"end":{"line":22,"column":18}}},"fnMap":{"0":{"name":"(anonymous_0)","decl":{"start":{"line":3,"column":36},"end":{"line":3,"column":37}},"loc":{"start":{"line":3,"column":138},"end":{"line":23,"column":1}},"line":3}},"branchMap":{"0":{"loc":{"start":{"line":8,"column":30},"end":{"line":8,"column":59}},"type":"binary-expr","locations":[{"start":{"line":8,"column":30},"end":{"line":8,"column":38}},{"start":{"line":8,"column":42},"end":{"line":8,"column":59}}],"line":8},"1":{"loc":{"start":{"line":9,"column":30},"end":{"line":9,"column":59}},"type":"binary-expr","locations":[{"start":{"line":9,"column":30},"end":{"line":9,"column":38}},{"start":{"line":9,"column":42},"end":{"line":9,"column":59}}],"line":9}},"s":{"0":2,"1":6,"2":5,"3":3,"4":3,"5":3,"6":3,"7":3,"8":3,"9":3,"10":12,"11":12,"12":3,"13":3},"f":{"0":6},"b":{"0":[3,2],"1":[3,2]},"_coverageSchema":"1a1c01bbd47fc00a2c39e90264f33305004495a9","hash":"f52932b1b7d122b37cd5c15a9c648ef61b380634"}
,"C:\\Users\\mtral\\Documents\\GitHub\\GeoBuckets\\src\\classifiers\\geometricProgression.ts": {"path":"C:\\Users\\mtral\\Documents\\GitHub\\GeoBuckets\\src\\classifiers\\geometricProgression.ts","statementMap":{"0":{"start":{"line":4,"column":43},"end":{"line":32,"column":1}},"1":{"start":{"line":6,"column":4},"end":{"line":6,"column":34}},"2":{"start":{"line":7,"column":4},"end":{"line":7,"column":53}},"3":{"start":{"line":9,"column":4},"end":{"line":9,"column":120}},"4":{"start":{"line":9,"column":28},"end":{"line":9,"column":34}},"5":{"start":{"line":9,"column":37},"end":{"line":9,"column":120}},"6":{"start":{"line":11,"column":30},"end":{"line":11,"column":47}},"7":{"start":{"line":12,"column":30},"end":{"line":12,"column":47}},"8":{"start":{"line":14,"column":27},"end":{"line":14,"column":58}},"9":{"start":{"line":15,"column":27},"end":{"line":15,"column":58}},"10":{"start":{"line":17,"column":29},"end":{"line":17,"column":62}},"11":{"start":{"line":19,"column":42},"end":{"line":19,"column":44}},"12":{"start":{"line":22,"column":4},"end":{"line":26,"column":5}},"13":{"start":{"line":22,"column":19},"end":{"line":22,"column":20}},"14":{"start":{"line":24,"column":8},"end":{"line":24,"column":107}},"15":{"start":{"line":28,"column":35},"end":{"line":28,"column":79}},"16":{"start":{"line":28,"column":62},"end":{"line":28,"column":78}},"17":{"start":{"line":29,"column":4},"end":{"line":29,"column":27}},"18":{"start":{"line":31,"column":4},"end":{"line":31,"column":18}}},"fnMap":{"0":{"name":"(anonymous_0)","decl":{"start":{"line":4,"column":43},"end":{"line":4,"column":44}},"loc":{"start":{"line":4,"column":107},"end":{"line":32,"column":1}},"line":4},"1":{"name":"(anonymous_1)","decl":{"start":{"line":9,"column":20},"end":{"line":9,"column":21}},"loc":{"start":{"line":9,"column":28},"end":{"line":9,"column":34}},"line":9},"2":{"name":"(anonymous_2)","decl":{"start":{"line":28,"column":54},"end":{"line":28,"column":55}},"loc":{"start":{"line":28,"column":62},"end":{"line":28,"column":78}},"line":28}},"branchMap":{"0":{"loc":{"start":{"line":9,"column":4},"end":{"line":9,"column":120}},"type":"if","locations":[{"start":{"line":9,"column":4},"end":{"line":9,"column":120}},{"start":{},"end":{}}],"line":9},"1":{"loc":{"start":{"line":24,"column":8},"end":{"line":24,"column":107}},"type":"cond-expr","locations":[{"start":{"line":24,"column":20},"end":{"line":24,"column":48}},{"start":{"line":24,"column":51},"end":{"line":24,"column":107}}],"line":24}},"s":{"0":2,"1":6,"2":5,"3":3,"4":24,"5":1,"6":2,"7":2,"8":2,"9":2,"10":2,"11":2,"12":2,"13":2,"14":6,"15":2,"16":6,"17":2,"18":2},"f":{"0":6,"1":24,"2":6},"b":{"0":[1,2],"1":[2,4]},"_coverageSchema":"1a1c01bbd47fc00a2c39e90264f33305004495a9","hash":"1761f07f96bb54c369bb2f6da6c87031c9c0a155"}
,"C:\\Users\\mtral\\Documents\\GitHub\\GeoBuckets\\src\\classifiers\\jenks.ts": {"path":"C:\\Users\\mtral\\Documents\\GitHub\\GeoBuckets\\src\\classifiers\\jenks.ts","statementMap":{"0":{"start":{"line":3,"column":28},"end":{"line":69,"column":1}},"1":{"start":{"line":5,"column":4},"end":{"line":5,"column":34}},"2":{"start":{"line":6,"column":4},"end":{"line":6,"column":53}},"3":{"start":{"line":8,"column":4},"end":{"line":8,"column":29}},"4":{"start":{"line":8,"column":23},"end":{"line":8,"column":28}},"5":{"start":{"line":10,"column":39},"end":{"line":10,"column":114}},"6":{"start":{"line":10,"column":84},"end":{"line":10,"column":113}},"7":{"start":{"line":11,"column":39},"end":{"line":11,"column":114}},"8":{"start":{"line":11,"column":84},"end":{"line":11,"column":113}},"9":{"start":{"line":13,"column":20},"end":{"line":13,"column":23}},"10":{"start":{"line":14,"column":4},"end":{"line":21,"column":5}},"11":{"start":{"line":14,"column":18},"end":{"line":14,"column":19}},"12":{"start":{"line":14,"column":26},"end":{"line":14,"column":43}},"13":{"start":{"line":15,"column":8},"end":{"line":15,"column":22}},"14":{"start":{"line":16,"column":8},"end":{"line":16,"column":22}},"15":{"start":{"line":17,"column":8},"end":{"line":19,"column":9}},"16":{"start":{"line":17,"column":22},"end":{"line":17,"column":23}},"17":{"start":{"line":17,"column":30},"end":{"line":17,"column":45}},"18":{"start":{"line":18,"column":12},"end":{"line":18,"column":33}},"19":{"start":{"line":20,"column":8},"end":{"line":20,"column":15}},"20":{"start":{"line":23,"column":4},"end":{"line":46,"column":5}},"21":{"start":{"line":23,"column":18},"end":{"line":23,"column":19}},"22":{"start":{"line":23,"column":26},"end":{"line":23,"column":41}},"23":{"start":{"line":24,"column":25},"end":{"line":24,"column":28}},"24":{"start":{"line":25,"column":25},"end":{"line":25,"column":28}},"25":{"start":{"line":26,"column":25},"end":{"line":26,"column":28}},"26":{"start":{"line":27,"column":8},"end":{"line":43,"column":9}},"27":{"start":{"line":27,"column":22},"end":{"line":27,"column":23}},"28":{"start":{"line":27,"column":30},"end":{"line":27,"column":35}},"29":{"start":{"line":28,"column":31},"end":{"line":28,"column":40}},"30":{"start":{"line":29,"column":32},"end":{"line":29,"column":44}},"31":{"start":{"line":30,"column":12},"end":{"line":30,"column":27}},"32":{"start":{"line":31,"column":12},"end":{"line":31,"column":21}},"33":{"start":{"line":32,"column":12},"end":{"line":32,"column":18}},"34":{"start":{"line":33,"column":12},"end":{"line":33,"column":34}},"35":{"start":{"line":34,"column":31},"end":{"line":34,"column":37}},"36":{"start":{"line":35,"column":12},"end":{"line":42,"column":13}},"37":{"start":{"line":36,"column":16},"end":{"line":41,"column":17}},"38":{"start":{"line":36,"column":30},"end":{"line":36,"column":31}},"39":{"start":{"line":36,"column":38},"end":{"line":36,"column":55}},"40":{"start":{"line":37,"column":20},"end":{"line":40,"column":21}},"41":{"start":{"line":38,"column":24},"end":{"line":38,"column":39}},"42":{"start":{"line":39,"column":24},"end":{"line":39,"column":56}},"43":{"start":{"line":44,"column":8},"end":{"line":44,"column":22}},"44":{"start":{"line":45,"column":8},"end":{"line":45,"column":22}},"45":{"start":{"line":48,"column":20},"end":{"line":48,"column":31}},"46":{"start":{"line":49,"column":35},"end":{"line":49,"column":79}},"47":{"start":{"line":51,"column":4},"end":{"line":51,"column":50}},"48":{"start":{"line":53,"column":4},"end":{"line":53,"column":24}},"49":{"start":{"line":54,"column":27},"end":{"line":54,"column":40}},"50":{"start":{"line":56,"column":4},"end":{"line":62,"column":5}},"51":{"start":{"line":57,"column":19},"end":{"line":57,"column":40}},"52":{"start":{"line":58,"column":8},"end":{"line":58,"column":40}},"53":{"start":{"line":59,"column":31},"end":{"line":59,"column":48}},"54":{"start":{"line":60,"column":8},"end":{"line":60,"column":22}},"55":{"start":{"line":61,"column":8},"end":{"line":61,"column":21}},"56":{"start":{"line":64,"column":4},"end":{"line":66,"column":5}},"57":{"start":{"line":65,"column":8},"end":{"line":65,"column":22}},"58":{"start":{"line":68,"column":4},"end":{"line":68,"column":18}}},"fnMap":{"0":{"name":"(anonymous_0)","decl":{"start":{"line":3,"column":28},"end":{"line":3,"column":29}},"loc":{"start":{"line":3,"column":92},"end":{"line":69,"column":1}},"line":3},"1":{"name":"(anonymous_1)","decl":{"start":{"line":8,"column":14},"end":{"line":8,"column":15}},"loc":{"start":{"line":8,"column":23},"end":{"line":8,"column":28}},"line":8},"2":{"name":"(anonymous_2)","decl":{"start":{"line":10,"column":78},"end":{"line":10,"column":79}},"loc":{"start":{"line":10,"column":84},"end":{"line":10,"column":113}},"line":10},"3":{"name":"(anonymous_3)","decl":{"start":{"line":11,"column":78},"end":{"line":11,"column":79}},"loc":{"start":{"line":11,"column":84},"end":{"line":11,"column":113}},"line":11}},"branchMap":{"0":{"loc":{"start":{"line":35,"column":12},"end":{"line":42,"column":13}},"type":"if","locations":[{"start":{"line":35,"column":12},"end":{"line":42,"column":13}},{"start":{},"end":{}}],"line":35},"1":{"loc":{"start":{"line":37,"column":20},"end":{"line":40,"column":21}},"type":"if","locations":[{"start":{"line":37,"column":20},"end":{"line":40,"column":21}},{"start":{},"end":{}}],"line":37},"2":{"loc":{"start":{"line":64,"column":4},"end":{"line":66,"column":5}},"type":"if","locations":[{"start":{"line":64,"column":4},"end":{"line":66,"column":5}},{"start":{},"end":{}}],"line":64}},"s":{"0":2,"1":5,"2":4,"3":2,"4":40,"5":2,"6":22,"7":2,"8":22,"9":2,"10":2,"11":2,"12":2,"13":6,"14":6,"15":6,"16":6,"17":6,"18":60,"19":6,"20":2,"21":2,"22":2,"23":18,"24":18,"25":18,"26":18,"27":18,"28":18,"29":108,"30":108,"31":108,"32":108,"33":108,"34":108,"35":108,"36":108,"37":90,"38":90,"39":90,"40":180,"41":68,"42":68,"43":18,"44":18,"45":2,"46":2,"47":2,"48":2,"49":2,"50":2,"51":4,"52":4,"53":4,"54":4,"55":4,"56":2,"57":0,"58":2},"f":{"0":5,"1":40,"2":22,"3":22},"b":{"0":[90,18],"1":[68,112],"2":[0,2]},"_coverageSchema":"1a1c01bbd47fc00a2c39e90264f33305004495a9","hash":"b4bf7183dee9e8eeff63c88909a24afa52d1292b"}
,"C:\\Users\\mtral\\Documents\\GitHub\\GeoBuckets\\src\\classifiers\\quantile.ts": {"path":"C:\\Users\\mtral\\Documents\\GitHub\\GeoBuckets\\src\\classifiers\\quantile.ts","statementMap":{"0":{"start":{"line":3,"column":31},"end":{"line":20,"column":1}},"1":{"start":{"line":5,"column":4},"end":{"line":5,"column":34}},"2":{"start":{"line":6,"column":4},"end":{"line":6,"column":53}},"3":{"start":{"line":8,"column":4},"end":{"line":8,"column":30}},"4":{"start":{"line":8,"column":24},"end":{"line":8,"column":29}},"5":{"start":{"line":10,"column":37},"end":{"line":10,"column":39}},"6":{"start":{"line":11,"column":25},"end":{"line":11,"column":52}},"7":{"start":{"line":12,"column":4},"end":{"line":15,"column":5}},"8":{"start":{"line":12,"column":19},"end":{"line":12,"column":20}},"9":{"start":{"line":13,"column":36},"end":{"line":13,"column":64}},"10":{"start":{"line":14,"column":8},"end":{"line":14,"column":43}},"11":{"start":{"line":17,"column":4},"end":{"line":17,"column":31}},"12":{"start":{"line":19,"column":4},"end":{"line":19,"column":20}}},"fnMap":{"0":{"name":"(anonymous_0)","decl":{"start":{"line":3,"column":31},"end":{"line":3,"column":32}},"loc":{"start":{"line":3,"column":95},"end":{"line":20,"column":1}},"line":3},"1":{"name":"(anonymous_1)","decl":{"start":{"line":8,"column":14},"end":{"line":8,"column":15}},"loc":{"start":{"line":8,"column":24},"end":{"line":8,"column":29}},"line":8}},"branchMap":{},"s":{"0":2,"1":5,"2":4,"3":2,"4":29,"5":2,"6":2,"7":2,"8":2,"9":6,"10":6,"11":2,"12":2},"f":{"0":5,"1":29},"b":{},"_coverageSchema":"1a1c01bbd47fc00a2c39e90264f33305004495a9","hash":"c212623790a88d7eee141a3588d9aa2f5afeaa54"}
,"C:\\Users\\mtral\\Documents\\GitHub\\GeoBuckets\\src\\classifiers\\standardDeviation.ts": {"path":"C:\\Users\\mtral\\Documents\\GitHub\\GeoBuckets\\src\\classifiers\\standardDeviation.ts","statementMap":{"0":{"start":{"line":3,"column":40},"end":{"line":55,"column":1}},"1":{"start":{"line":5,"column":4},"end":{"line":5,"column":34}},"2":{"start":{"line":6,"column":4},"end":{"line":6,"column":53}},"3":{"start":{"line":8,"column":30},"end":{"line":8,"column":47}},"4":{"start":{"line":9,"column":30},"end":{"line":9,"column":47}},"5":{"start":{"line":11,"column":38},"end":{"line":11,"column":65}},"6":{"start":{"line":12,"column":25},"end":{"line":12,"column":39}},"7":{"start":{"line":14,"column":35},"end":{"line":14,"column":37}},"8":{"start":{"line":16,"column":4},"end":{"line":48,"column":5}},"9":{"start":{"line":18,"column":30},"end":{"line":18,"column":47}},"10":{"start":{"line":20,"column":12},"end":{"line":20,"column":38}},"11":{"start":{"line":22,"column":12},"end":{"line":24,"column":13}},"12":{"start":{"line":22,"column":27},"end":{"line":22,"column":40}},"13":{"start":{"line":23,"column":16},"end":{"line":23,"column":66}},"14":{"start":{"line":26,"column":12},"end":{"line":28,"column":13}},"15":{"start":{"line":26,"column":27},"end":{"line":26,"column":40}},"16":{"start":{"line":27,"column":16},"end":{"line":27,"column":66}},"17":{"start":{"line":29,"column":12},"end":{"line":29,"column":18}},"18":{"start":{"line":32,"column":29},"end":{"line":32,"column":58}},"19":{"start":{"line":33,"column":29},"end":{"line":33,"column":41}},"20":{"start":{"line":35,"column":12},"end":{"line":35,"column":63}},"21":{"start":{"line":36,"column":12},"end":{"line":36,"column":63}},"22":{"start":{"line":39,"column":12},"end":{"line":41,"column":13}},"23":{"start":{"line":39,"column":27},"end":{"line":39,"column":39}},"24":{"start":{"line":40,"column":16},"end":{"line":40,"column":66}},"25":{"start":{"line":44,"column":12},"end":{"line":46,"column":13}},"26":{"start":{"line":44,"column":27},"end":{"line":44,"column":39}},"27":{"start":{"line":45,"column":16},"end":{"line":45,"column":66}},"28":{"start":{"line":47,"column":12},"end":{"line":47,"column":18}},"29":{"start":{"line":50,"column":4},"end":{"line":50,"column":78}},"30":{"start":{"line":52,"column":4},"end":{"line":52,"column":104}},"31":{"start":{"line":54,"column":4},"end":{"line":54,"column":18}}},"fnMap":{"0":{"name":"(anonymous_0)","decl":{"start":{"line":3,"column":40},"end":{"line":3,"column":41}},"loc":{"start":{"line":3,"column":138},"end":{"line":55,"column":1}},"line":3}},"branchMap":{"0":{"loc":{"start":{"line":3,"column":85},"end":{"line":3,"column":117}},"type":"default-arg","locations":[{"start":{"line":3,"column":113},"end":{"line":3,"column":117}}],"line":3},"1":{"loc":{"start":{"line":16,"column":4},"end":{"line":48,"column":5}},"type":"switch","locations":[{"start":{"line":17,"column":8},"end":{"line":29,"column":18}},{"start":{"line":30,"column":8},"end":{"line":47,"column":18}}],"line":16},"2":{"loc":{"start":{"line":50,"column":17},"end":{"line":50,"column":77}},"type":"cond-expr","locations":[{"start":{"line":50,"column":35},"end":{"line":50,"column":65}},{"start":{"line":50,"column":68},"end":{"line":50,"column":77}}],"line":50},"3":{"loc":{"start":{"line":52,"column":29},"end":{"line":52,"column":103}},"type":"cond-expr","locations":[{"start":{"line":52,"column":47},"end":{"line":52,"column":91}},{"start":{"line":52,"column":94},"end":{"line":52,"column":103}}],"line":52}},"s":{"0":2,"1":6,"2":5,"3":3,"4":3,"5":3,"6":3,"7":3,"8":3,"9":0,"10":0,"11":0,"12":0,"13":0,"14":0,"15":0,"16":0,"17":0,"18":3,"19":3,"20":3,"21":3,"22":3,"23":3,"24":0,"25":3,"26":3,"27":0,"28":3,"29":3,"30":3,"31":3},"f":{"0":6},"b":{"0":[4],"1":[0,3],"2":[2,1],"3":[2,1]},"_coverageSchema":"1a1c01bbd47fc00a2c39e90264f33305004495a9","hash":"4bd0d42e90df71cf1c8445db4a3731b1b1eefb72"}
,"C:\\Users\\mtral\\Documents\\GitHub\\GeoBuckets\\test\\testData.ts": {"path":"C:\\Users\\mtral\\Documents\\GitHub\\GeoBuckets\\test\\testData.ts","statementMap":{"0":{"start":{"line":8,"column":39},"end":{"line":25,"column":1}},"1":{"start":{"line":27,"column":48},"end":{"line":30,"column":1}}},"fnMap":{},"branchMap":{},"s":{"0":8,"1":8},"f":{},"b":{},"_coverageSchema":"1a1c01bbd47fc00a2c39e90264f33305004495a9","hash":"1cba698ddd1e3992f0ef09e4abba3d663c057fa8"}
}
