TN:
SF:dist\src\errors.js
FN:5,(anonymous_0)
FN:12,(anonymous_1)
FNF:2
FNH:2
FNDA:14,(anonymous_0)
FNDA:8,(anonymous_1)
DA:2,8
DA:3,8
DA:6,14
DA:7,14
DA:10,8
DA:13,8
DA:14,8
DA:17,8
LF:8
LH:8
BRF:0
BRH:0
end_of_record
TN:
SF:dist\src\index.js
FN:5,(anonymous_0)
FN:7,(anonymous_1)
FN:9,(anonymous_2)
FN:11,(anonymous_3)
FN:13,(anonymous_4)
FN:15,(anonymous_5)
FN:18,(anonymous_6)
FN:19,(anonymous_7)
FN:20,(anonymous_8)
FNF:9
FNH:1
FNDA:0,(anonymous_0)
FNDA:0,(anonymous_1)
FNDA:0,(anonymous_2)
FNDA:0,(anonymous_3)
FNDA:0,(anonymous_4)
FNDA:0,(anonymous_5)
FNDA:0,(anonymous_6)
FNDA:0,(anonymous_7)
FNDA:7,(anonymous_8)
DA:2,1
DA:3,1
DA:4,1
DA:5,1
DA:6,1
DA:7,1
DA:8,1
DA:9,1
DA:10,1
DA:11,1
DA:12,1
DA:13,1
DA:14,1
DA:15,1
DA:16,1
DA:17,1
DA:18,1
DA:19,1
DA:20,1
DA:21,7
DA:23,1
DA:26,6
DA:28,1
DA:29,1
DA:31,1
DA:32,1
DA:34,1
DA:35,1
DA:37,1
DA:38,1
DA:40,1
DA:41,1
DA:43,1
DA:44,1
DA:46,0
DA:48,6
DA:50,1
LF:37
LH:36
BRDA:21,0,0,1
BRDA:21,0,1,6
BRDA:21,1,0,7
BRDA:21,1,1,7
BRDA:26,2,0,1
BRDA:26,2,1,1
BRDA:26,2,2,1
BRDA:26,2,3,1
BRDA:26,2,4,1
BRDA:26,2,5,1
BRDA:26,2,6,0
BRF:11
BRH:10
end_of_record
TN:
SF:dist\src\type.js
FN:5,(anonymous_0)
FNF:1
FNH:1
FNDA:1,(anonymous_0)
DA:2,1
DA:3,1
DA:5,1
DA:6,1
DA:7,1
DA:8,1
DA:9,1
DA:10,1
DA:11,1
LF:9
LH:9
BRDA:12,0,0,1
BRDA:12,0,1,1
BRF:2
BRH:2
end_of_record
TN:
SF:dist\src\utils.js
FN:5,(anonymous_0)
FN:14,(anonymous_1)
FN:19,(anonymous_2)
FN:22,(anonymous_3)
FN:22,(anonymous_4)
FN:25,(anonymous_5)
FN:27,(anonymous_6)
FNF:7
FNH:7
FNDA:30,(anonymous_0)
FNDA:34,(anonymous_1)
FNDA:4,(anonymous_2)
FNDA:40,(anonymous_3)
FNDA:36,(anonymous_4)
FNDA:8,(anonymous_5)
FNDA:72,(anonymous_6)
DA:2,8
DA:3,8
DA:4,8
DA:5,8
DA:6,30
DA:7,1
DA:8,29
DA:9,7
DA:10,22
DA:11,7
DA:13,8
DA:14,8
DA:15,34
DA:16,7
DA:18,8
DA:19,8
DA:20,4
DA:21,4
DA:22,40
DA:24,8
DA:25,8
DA:26,8
DA:27,72
DA:29,8
LF:24
LH:24
BRDA:6,0,0,1
BRDA:6,0,1,29
BRDA:8,1,0,7
BRDA:8,1,1,22
BRDA:10,2,0,7
BRDA:10,2,1,15
BRDA:15,3,0,7
BRDA:15,3,1,27
BRF:8
BRH:8
end_of_record
TN:
SF:dist\src\classifiers\arithmeticProgression.js
FN:5,(anonymous_0)
FNF:1
FNH:1
FNDA:5,(anonymous_0)
DA:2,2
DA:3,2
DA:4,2
DA:5,2
DA:6,5
DA:7,4
DA:8,2
DA:9,2
DA:10,6
DA:12,2
DA:13,2
DA:14,2
DA:15,2
DA:16,2
DA:17,8
DA:18,2
DA:20,6
DA:21,2
DA:24,4
DA:27,2
DA:29,2
LF:21
LH:21
BRDA:17,0,0,2
BRDA:17,0,1,6
BRDA:20,1,0,2
BRDA:20,1,1,4
BRF:4
BRH:4
end_of_record
TN:
SF:dist\src\classifiers\equalIntervals.js
FN:5,(anonymous_0)
FNF:1
FNH:1
FNDA:6,(anonymous_0)
DA:2,2
DA:3,2
DA:4,2
DA:5,2
DA:6,6
DA:7,5
DA:8,3
DA:9,3
DA:10,3
DA:11,3
DA:12,3
DA:13,3
DA:14,12
DA:15,12
DA:17,3
DA:18,3
DA:20,2
LF:17
LH:17
BRDA:8,0,0,3
BRDA:8,0,1,2
BRDA:9,1,0,3
BRDA:9,1,1,2
BRF:4
BRH:4
end_of_record
TN:
SF:dist\src\classifiers\geometricProgression.js
FN:6,(anonymous_0)
FN:9,(anonymous_1)
FN:20,(anonymous_2)
FNF:3
FNH:3
FNDA:6,(anonymous_0)
FNDA:24,(anonymous_1)
FNDA:6,(anonymous_2)
DA:2,2
DA:3,2
DA:4,2
DA:5,2
DA:6,2
DA:7,6
DA:8,5
DA:9,24
DA:10,1
DA:11,2
DA:12,2
DA:13,2
DA:14,2
DA:15,2
DA:16,2
DA:17,2
DA:18,6
DA:20,6
DA:21,2
DA:22,2
DA:24,2
LF:21
LH:21
BRDA:9,0,0,1
BRDA:9,0,1,2
BRDA:18,1,0,2
BRDA:18,1,1,4
BRF:4
BRH:4
end_of_record
TN:
SF:dist\src\classifiers\jenks.js
FN:5,(anonymous_0)
FN:8,(anonymous_1)
FN:9,(anonymous_2)
FN:10,(anonymous_3)
FNF:4
FNH:4
FNDA:5,(anonymous_0)
FNDA:40,(anonymous_1)
FNDA:22,(anonymous_2)
FNDA:22,(anonymous_3)
DA:2,2
DA:3,2
DA:4,2
DA:5,2
DA:6,5
DA:7,4
DA:8,40
DA:9,22
DA:10,22
DA:11,2
DA:12,2
DA:13,6
DA:14,6
DA:15,6
DA:16,60
DA:18,6
DA:20,2
DA:21,18
DA:22,18
DA:23,18
DA:24,18
DA:25,108
DA:26,108
DA:27,108
DA:28,108
DA:29,108
DA:30,108
DA:31,108
DA:32,108
DA:33,90
DA:34,180
DA:35,68
DA:36,68
DA:41,18
DA:42,18
DA:44,2
DA:45,2
DA:46,2
DA:47,2
DA:48,2
DA:49,2
DA:50,4
DA:51,4
DA:52,4
DA:53,4
DA:54,4
DA:56,2
DA:57,0
DA:59,2
DA:61,2
LF:50
LH:49
BRDA:32,0,0,90
BRDA:32,0,1,18
BRDA:34,1,0,68
BRDA:34,1,1,112
BRDA:56,2,0,0
BRDA:56,2,1,2
BRF:6
BRH:5
end_of_record
TN:
SF:dist\src\classifiers\quantile.js
FN:5,(anonymous_0)
FN:8,(anonymous_1)
FNF:2
FNH:2
FNDA:5,(anonymous_0)
FNDA:29,(anonymous_1)
DA:2,2
DA:3,2
DA:4,2
DA:5,2
DA:6,5
DA:7,4
DA:8,29
DA:9,2
DA:10,2
DA:11,2
DA:12,6
DA:13,6
DA:15,2
DA:16,2
DA:18,2
LF:15
LH:15
BRF:0
BRH:0
end_of_record
TN:
SF:dist\src\classifiers\standardDeviation.js
FN:5,(anonymous_0)
FNF:1
FNH:1
FNDA:6,(anonymous_0)
DA:2,2
DA:3,2
DA:4,2
DA:5,2
DA:6,6
DA:7,5
DA:8,3
DA:9,3
DA:10,3
DA:11,3
DA:12,3
DA:13,3
DA:15,0
DA:16,0
DA:17,0
DA:18,0
DA:20,0
DA:21,0
DA:23,0
DA:25,3
DA:26,3
DA:27,3
DA:28,3
DA:29,3
DA:30,0
DA:32,3
DA:33,0
DA:35,3
DA:37,3
DA:38,3
DA:39,3
DA:41,2
LF:32
LH:23
BRDA:5,0,0,4
BRDA:13,1,0,0
BRDA:13,1,1,3
BRDA:37,2,0,2
BRDA:37,2,1,1
BRDA:38,3,0,2
BRDA:38,3,1,1
BRF:7
BRH:6
end_of_record
TN:
SF:dist\test\testData.js
FNF:0
FNH:0
DA:2,8
DA:3,8
DA:4,8
DA:22,8
LF:4
LH:4
BRF:0
BRH:0
end_of_record
TN:
SF:src\errors.ts
FN:3,(anonymous_0)
FN:10,(anonymous_1)
FNF:2
FNH:2
FNDA:14,(anonymous_0)
FNDA:8,(anonymous_1)
DA:4,14
DA:5,14
DA:11,8
DA:12,8
LF:4
LH:4
BRF:0
BRH:0
end_of_record
TN:
SF:src\index.ts
FN:10,(anonymous_0)
FNF:1
FNH:1
FNDA:7,(anonymous_0)
DA:10,1
DA:12,7
DA:14,1
DA:19,6
DA:21,1
DA:22,1
DA:24,1
DA:25,1
DA:27,1
DA:28,1
DA:30,1
DA:31,1
DA:33,1
DA:34,1
DA:36,1
DA:37,1
DA:39,0
DA:42,6
LF:18
LH:17
BRDA:12,0,0,1
BRDA:12,0,1,6
BRDA:12,1,0,7
BRDA:12,1,1,7
BRDA:19,2,0,1
BRDA:19,2,1,1
BRDA:19,2,2,1
BRDA:19,2,3,1
BRDA:19,2,4,1
BRDA:19,2,5,1
BRDA:19,2,6,0
BRF:11
BRH:10
end_of_record
TN:
SF:src\type.ts
FNF:0
FNH:0
LF:0
LH:0
BRF:0
BRH:0
end_of_record
TN:
SF:src\utils.ts
FN:3,(anonymous_0)
FN:11,(anonymous_1)
FN:16,(anonymous_2)
FN:19,(anonymous_3)
FN:19,(anonymous_4)
FN:22,(anonymous_5)
FN:24,(anonymous_6)
FNF:7
FNH:7
FNDA:30,(anonymous_0)
FNDA:34,(anonymous_1)
FNDA:4,(anonymous_2)
FNDA:40,(anonymous_3)
FNDA:36,(anonymous_4)
FNDA:8,(anonymous_5)
FNDA:72,(anonymous_6)
DA:3,8
DA:5,30
DA:6,29
DA:7,22
DA:11,8
DA:13,34
DA:16,8
DA:17,4
DA:18,4
DA:19,40
DA:22,8
DA:23,8
DA:24,72
LF:13
LH:13
BRDA:5,0,0,1
BRDA:5,0,1,29
BRDA:6,1,0,7
BRDA:6,1,1,22
BRDA:7,2,0,7
BRDA:7,2,1,15
BRDA:13,3,0,7
BRDA:13,3,1,27
BRF:8
BRH:8
end_of_record
TN:
SF:src\classifiers\arithmeticProgression.ts
FN:4,(anonymous_0)
FNF:1
FNH:1
FNDA:5,(anonymous_0)
DA:4,2
DA:6,5
DA:7,4
DA:10,2
DA:11,2
DA:12,6
DA:15,2
DA:16,2
DA:18,2
DA:20,2
DA:22,2
DA:23,8
DA:24,2
DA:26,6
DA:27,2
DA:30,4
DA:34,2
LF:17
LH:17
BRDA:23,0,0,2
BRDA:23,0,1,6
BRDA:26,1,0,2
BRDA:26,1,1,4
BRF:4
BRH:4
end_of_record
TN:
SF:src\classifiers\equalIntervals.ts
FN:3,(anonymous_0)
FNF:1
FNH:1
FNDA:6,(anonymous_0)
DA:3,2
DA:5,6
DA:6,5
DA:8,3
DA:9,3
DA:11,3
DA:13,3
DA:14,3
DA:15,3
DA:16,12
DA:17,12
DA:20,3
DA:22,3
LF:13
LH:13
BRDA:8,0,0,3
BRDA:8,0,1,2
BRDA:9,1,0,3
BRDA:9,1,1,2
BRF:4
BRH:4
end_of_record
TN:
SF:src\classifiers\geometricProgression.ts
FN:4,(anonymous_0)
FN:9,(anonymous_1)
FN:28,(anonymous_2)
FNF:3
FNH:3
FNDA:6,(anonymous_0)
FNDA:24,(anonymous_1)
FNDA:6,(anonymous_2)
DA:4,2
DA:6,6
DA:7,5
DA:9,24
DA:11,2
DA:12,2
DA:14,2
DA:15,2
DA:17,2
DA:19,2
DA:22,2
DA:24,6
DA:28,6
DA:29,2
DA:31,2
LF:15
LH:15
BRDA:9,0,0,1
BRDA:9,0,1,2
BRDA:24,1,0,2
BRDA:24,1,1,4
BRF:4
BRH:4
end_of_record
TN:
SF:src\classifiers\jenks.ts
FN:3,(anonymous_0)
FN:8,(anonymous_1)
FN:10,(anonymous_2)
FN:11,(anonymous_3)
FNF:4
FNH:4
FNDA:5,(anonymous_0)
FNDA:40,(anonymous_1)
FNDA:22,(anonymous_2)
FNDA:22,(anonymous_3)
DA:3,2
DA:5,5
DA:6,4
DA:8,40
DA:10,22
DA:11,22
DA:13,2
DA:14,2
DA:15,6
DA:16,6
DA:17,6
DA:18,60
DA:20,6
DA:23,2
DA:24,18
DA:25,18
DA:26,18
DA:27,18
DA:28,108
DA:29,108
DA:30,108
DA:31,108
DA:32,108
DA:33,108
DA:34,108
DA:35,108
DA:36,90
DA:37,180
DA:38,68
DA:39,68
DA:44,18
DA:45,18
DA:48,2
DA:49,2
DA:51,2
DA:53,2
DA:54,2
DA:56,2
DA:57,4
DA:58,4
DA:59,4
DA:60,4
DA:61,4
DA:64,2
DA:65,0
DA:68,2
LF:46
LH:45
BRDA:35,0,0,90
BRDA:35,0,1,18
BRDA:37,1,0,68
BRDA:37,1,1,112
BRDA:64,2,0,0
BRDA:64,2,1,2
BRF:6
BRH:5
end_of_record
TN:
SF:src\classifiers\quantile.ts
FN:3,(anonymous_0)
FN:8,(anonymous_1)
FNF:2
FNH:2
FNDA:5,(anonymous_0)
FNDA:29,(anonymous_1)
DA:3,2
DA:5,5
DA:6,4
DA:8,29
DA:10,2
DA:11,2
DA:12,2
DA:13,6
DA:14,6
DA:17,2
DA:19,2
LF:11
LH:11
BRF:0
BRH:0
end_of_record
TN:
SF:src\classifiers\standardDeviation.ts
FN:3,(anonymous_0)
FNF:1
FNH:1
FNDA:6,(anonymous_0)
DA:3,2
DA:5,6
DA:6,5
DA:8,3
DA:9,3
DA:11,3
DA:12,3
DA:14,3
DA:16,3
DA:18,0
DA:20,0
DA:22,0
DA:23,0
DA:26,0
DA:27,0
DA:29,0
DA:32,3
DA:33,3
DA:35,3
DA:36,3
DA:39,3
DA:40,0
DA:44,3
DA:45,0
DA:47,3
DA:50,3
DA:52,3
DA:54,3
LF:28
LH:19
BRDA:3,0,0,4
BRDA:16,1,0,0
BRDA:16,1,1,3
BRDA:50,2,0,2
BRDA:50,2,1,1
BRDA:52,3,0,2
BRDA:52,3,1,1
BRF:7
BRH:6
end_of_record
TN:
SF:test\testData.ts
FNF:0
FNH:0
DA:8,8
DA:27,8
LF:2
LH:2
BRF:0
BRH:0
end_of_record
